SF:lib\src\core\data\models\character_model.dart
DA:26,4
DA:39,4
DA:53,4
DA:54,4
DA:56,0
DA:60,8
DA:62,4
DA:64,8
DA:65,8
DA:72,0
DA:74,0
LF:11
LH:8
end_of_record
SF:lib\src\core\data\models\character_model.g.dart
DA:9,4
DA:10,4
DA:11,4
DA:12,8
DA:13,8
DA:14,8
DA:15,4
DA:16,4
DA:17,4
DA:18,4
DA:19,4
DA:20,4
DA:21,16
DA:22,4
DA:25,0
DA:26,0
DA:27,0
DA:28,0
DA:29,0
DA:30,0
DA:31,0
DA:32,0
DA:33,0
DA:34,0
DA:35,0
DA:36,0
DA:37,0
DA:38,0
LF:28
LH:14
end_of_record
SF:lib\src\core\domain\entities\character.dart
DA:20,4
DA:34,0
DA:35,0
DA:36,0
DA:37,0
DA:38,0
DA:39,0
DA:40,0
DA:41,0
DA:42,0
DA:43,0
DA:44,0
DA:45,0
DA:46,0
LF:14
LH:1
end_of_record
SF:lib\src\core\domain\entities\character_status.dart
DA:3,4
DA:10,4
DA:12,4
DA:14,3
DA:16,3
LF:5
LH:5
end_of_record
SF:lib\src\core\data\models\location_model.dart
DA:10,4
DA:13,4
DA:18,4
DA:19,4
DA:21,0
LF:5
LH:4
end_of_record
SF:lib\src\core\data\models\location_model.g.dart
DA:9,4
DA:10,4
DA:11,4
DA:12,4
DA:15,0
DA:16,0
DA:17,0
DA:18,0
LF:8
LH:4
end_of_record
SF:lib\src\core\data\models\origin_model.g.dart
DA:9,8
DA:10,4
DA:11,4
DA:14,0
DA:15,0
DA:16,0
DA:17,0
LF:7
LH:3
end_of_record
SF:lib\src\core\data\models\origin_model.dart
DA:9,4
DA:12,4
DA:14,4
DA:15,4
DA:17,0
LF:5
LH:4
end_of_record
SF:lib\src\core\domain\entities\location.dart
DA:8,4
DA:13,0
DA:14,0
DA:15,0
DA:16,0
LF:5
LH:1
end_of_record
SF:lib\src\core\domain\entities\origin.dart
DA:7,4
DA:12,0
DA:13,0
DA:14,0
DA:15,0
LF:5
LH:1
end_of_record
SF:lib\src\core\data\repositories\character_repository_impl.dart
DA:24,1
DA:26,1
DA:28,1
DA:29,3
DA:31,2
DA:32,2
DA:33,3
DA:36,1
DA:37,1
DA:38,1
DA:44,1
DA:46,1
DA:47,1
DA:50,1
DA:54,1
DA:56,1
DA:57,3
DA:58,2
DA:59,0
DA:60,3
DA:63,1
DA:64,1
DA:65,1
DA:71,1
DA:73,2
DA:76,1
DA:80,2
DA:82,2
DA:83,1
DA:84,1
DA:85,1
DA:86,1
DA:90,1
LF:33
LH:32
end_of_record
SF:lib\src\core\domain\failures\app_failure.dart
DA:4,2
LF:1
LH:1
end_of_record
SF:lib\src\core\domain\failures\server_failure.dart
DA:4,2
LF:1
LH:1
end_of_record
SF:lib\src\features\characters_list\data\models\characters_page_model.g.dart
DA:9,3
DA:10,3
DA:12,6
DA:13,3
DA:14,9
DA:15,3
DA:18,0
DA:20,0
DA:21,0
DA:22,0
LF:10
LH:6
end_of_record
SF:lib\src\features\characters_list\data\models\characters_page_model.dart
DA:18,3
DA:21,3
DA:26,3
DA:27,3
DA:29,0
LF:5
LH:4
end_of_record
SF:lib\src\features\characters_list\domain\entities\characters_page.dart
DA:10,3
DA:15,0
DA:16,0
DA:17,0
DA:18,0
LF:5
LH:1
end_of_record
SF:lib\src\core\domain\failures\failure.dart
DA:5,1
LF:1
LH:1
end_of_record
SF:lib\src\features\characters_list\domain\usecases\get_characters.dart
DA:14,1
DA:15,1
DA:17,2
LF:3
LH:3
end_of_record
SF:lib\src\core\domain\entities\page_info.dart
DA:9,3
DA:16,0
DA:17,0
DA:18,0
DA:19,0
DA:20,0
DA:21,0
LF:7
LH:1
end_of_record
SF:lib\src\features\characters_list\data\models\page_info_model.dart
DA:10,3
DA:15,3
DA:22,3
DA:23,3
DA:25,0
LF:5
LH:4
end_of_record
SF:lib\src\features\characters_list\data\models\page_info_model.g.dart
DA:9,3
DA:10,3
DA:11,3
DA:12,3
DA:13,3
DA:14,3
DA:17,0
DA:18,0
DA:19,0
DA:20,0
DA:21,0
DA:22,0
LF:12
LH:6
end_of_record
