SF:lib\src\core\data\models\character_model.dart
DA:26,5
DA:39,5
DA:53,5
DA:54,5
DA:56,0
DA:60,10
DA:62,5
DA:64,10
DA:65,10
DA:72,0
DA:74,0
LF:11
LH:8
end_of_record
SF:lib\src\core\data\models\character_model.g.dart
DA:9,5
DA:10,5
DA:11,5
DA:12,10
DA:13,10
DA:14,10
DA:15,5
DA:16,5
DA:17,5
DA:18,5
DA:19,5
DA:20,5
DA:21,20
DA:22,5
DA:25,0
DA:26,0
DA:27,0
DA:28,0
DA:29,0
DA:30,0
DA:31,0
DA:32,0
DA:33,0
DA:34,0
DA:35,0
DA:36,0
DA:37,0
DA:38,0
LF:28
LH:14
end_of_record
SF:lib\src\core\domain\entities\character.dart
DA:20,5
DA:34,1
DA:35,1
DA:36,1
DA:37,1
DA:38,1
DA:39,1
DA:40,1
DA:41,1
DA:42,1
DA:43,1
DA:44,1
DA:45,1
DA:46,1
LF:14
LH:14
end_of_record
SF:lib\src\core\domain\entities\character_status.dart
DA:3,6
DA:10,5
DA:12,5
DA:14,3
DA:16,3
LF:5
LH:5
end_of_record
SF:lib\src\core\data\models\location_model.dart
DA:10,5
DA:13,5
DA:18,5
DA:19,5
DA:21,0
LF:5
LH:4
end_of_record
SF:lib\src\core\data\models\location_model.g.dart
DA:9,5
DA:10,5
DA:11,5
DA:12,5
DA:15,0
DA:16,0
DA:17,0
DA:18,0
LF:8
LH:4
end_of_record
SF:lib\src\core\data\models\origin_model.g.dart
DA:9,10
DA:10,5
DA:11,5
DA:14,0
DA:15,0
DA:16,0
DA:17,0
LF:7
LH:3
end_of_record
SF:lib\src\core\data\models\origin_model.dart
DA:9,5
DA:12,5
DA:14,5
DA:15,5
DA:17,0
LF:5
LH:4
end_of_record
SF:lib\src\core\domain\entities\location.dart
DA:8,5
DA:13,1
DA:14,1
DA:15,1
DA:16,1
LF:5
LH:5
end_of_record
SF:lib\src\core\domain\entities\origin.dart
DA:7,5
DA:12,1
DA:13,1
DA:14,1
DA:15,1
LF:5
LH:5
end_of_record
SF:lib\src\core\data\repositories\character_repository_impl.dart
DA:24,1
DA:26,1
DA:28,1
DA:29,3
DA:31,2
DA:32,2
DA:33,3
DA:36,1
DA:37,1
DA:38,1
DA:44,1
DA:46,1
DA:47,1
DA:50,1
DA:54,1
DA:56,1
DA:57,3
DA:58,2
DA:59,0
DA:60,3
DA:63,1
DA:64,1
DA:65,1
DA:71,1
DA:73,2
DA:76,1
DA:80,2
DA:82,2
DA:83,1
DA:84,1
DA:85,1
DA:86,1
DA:90,1
LF:33
LH:32
end_of_record
SF:lib\src\core\domain\failures\app_failure.dart
DA:4,2
LF:1
LH:1
end_of_record
SF:lib\src\core\domain\failures\server_failure.dart
DA:4,2
LF:1
LH:1
end_of_record
SF:lib\src\features\characters_list\data\models\characters_page_model.g.dart
DA:9,4
DA:10,4
DA:12,8
DA:13,4
DA:14,12
DA:15,4
DA:18,0
DA:20,0
DA:21,0
DA:22,0
LF:10
LH:6
end_of_record
SF:lib\src\features\characters_list\data\models\characters_page_model.dart
DA:18,4
DA:21,4
DA:26,4
DA:27,4
DA:29,0
LF:5
LH:4
end_of_record
SF:lib\src\features\characters_list\domain\entities\characters_page.dart
DA:10,4
DA:15,0
DA:16,0
DA:17,0
DA:18,0
LF:5
LH:1
end_of_record
SF:lib\src\core\domain\failures\failure.dart
DA:5,1
LF:1
LH:1
end_of_record
SF:lib\src\features\characters_list\domain\usecases\get_characters.dart
DA:14,1
DA:15,1
DA:17,2
LF:3
LH:3
end_of_record
SF:lib\src\core\domain\entities\page_info.dart
DA:9,4
DA:16,0
DA:17,0
DA:18,0
DA:19,0
DA:20,0
DA:21,0
LF:7
LH:1
end_of_record
SF:lib\src\features\characters_list\data\models\page_info_model.dart
DA:10,4
DA:15,4
DA:22,4
DA:23,4
DA:25,0
LF:5
LH:4
end_of_record
SF:lib\src\features\characters_list\data\models\page_info_model.g.dart
DA:9,4
DA:10,4
DA:11,4
DA:12,4
DA:13,4
DA:14,4
DA:17,0
DA:18,0
DA:19,0
DA:20,0
DA:21,0
DA:22,0
LF:12
LH:6
end_of_record
SF:lib\src\features\characters_list\presentation\bloc\characters_list_event.dart
DA:4,2
DA:6,0
DA:7,0
DA:12,2
DA:16,0
LF:5
LH:2
end_of_record
SF:lib\src\features\characters_list\presentation\bloc\characters_list_state.dart
DA:3,2
DA:11,1
DA:18,1
DA:20,1
DA:24,1
DA:30,1
DA:31,1
DA:32,1
DA:33,1
DA:37,1
DA:38,1
DA:39,1
DA:40,1
LF:13
LH:13
end_of_record
SF:lib\src\features\characters_list\presentation\bloc\characters_list_bloc.dart
DA:19,1
DA:21,2
DA:22,1
DA:24,1
DA:27,1
DA:28,2
DA:29,2
DA:32,1
DA:36,1
DA:37,2
DA:41,4
DA:42,1
DA:43,1
DA:44,0
DA:47,0
DA:50,1
DA:51,1
DA:53,4
DA:54,1
DA:61,0
DA:65,0
DA:66,0
DA:67,0
DA:72,0
DA:73,0
DA:76,0
DA:77,0
LF:27
LH:17
end_of_record
